<?xml version="1.0" encoding="UTF-8"?>
<!-- Generated by org.testng.reporters.JUnitXMLReporter -->
<testsuite ignored="9" hostname="DESKTOP-FHAGSA8" failures="0" tests="1" name="Default test" time="8.903" errors="0" timestamp="2024-06-13T13:45:20 IST">
  <testcase classname="performance.AmazonPerformance" name="Dynamicsearch" time="8.85"/>
  <testcase classname="performance.AmazonPerformance" name="verifyDropdown" time="0.0">
    <ignored/>
  </testcase> <!-- verifyDropdown -->
  <testcase classname="performance.AmazonPerformance" name="PrintLinks" time="0.0">
    <ignored/>
  </testcase> <!-- PrintLinks -->
  <testcase classname="performance.AmazonPerformance" name="search" time="0.0">
    <ignored/>
  </testcase> <!-- search -->
  <testcase classname="performance.AmazonPerformance" name="countLinks" time="0.0">
    <ignored/>
  </testcase> <!-- countLinks -->
  <testcase classname="performance.AmazonPerformance" name="ClickLinks" time="0.0">
    <ignored/>
  </testcase> <!-- ClickLinks -->
  <testcase classname="performance.AmazonPerformance" name="profilehover" time="0.0">
    <ignored/>
  </testcase> <!-- profilehover -->
  <testcase classname="performance.AmazonPerformance" name="languagehover" time="0.0">
    <ignored/>
  </testcase> <!-- languagehover -->
  <testcase classname="performance.AmazonPerformance" name="verifyTitle" time="0.0">
    <ignored/>
  </testcase> <!-- verifyTitle -->
  <testcase classname="performance.AmazonPerformance" name="verifydropdownSelection" time="0.0">
    <ignored/>
  </testcase> <!-- verifydropdownSelection -->
</testsuite> <!-- Default test -->
