<?xml version="1.0" encoding="UTF-8"?>
<testng-results ignored="9" total="10" passed="1" failed="0" skipped="0">
  <reporter-output>
  </reporter-output>
  <suite started-at="2024-06-13T13:45:11 IST" name="Default suite" finished-at="2024-06-13T13:45:20 IST" duration-ms="8903">
    <groups>
    </groups>
    <test started-at="2024-06-13T13:45:11 IST" name="Default test" finished-at="2024-06-13T13:45:20 IST" duration-ms="8903">
      <class name="performance.AmazonPerformance">
        <test-method signature="Dynamicsearch()[pri:0, instance:performance.AmazonPerformance@1991f767]" started-at="2024-06-13T13:45:11 IST" name="Dynamicsearch" finished-at="2024-06-13T13:45:20 IST" duration-ms="8850" status="PASS">
          <reporter-output>
          </reporter-output>
        </test-method> <!-- Dynamicsearch -->
      </class> <!-- performance.AmazonPerformance -->
    </test> <!-- Default test -->
  </suite> <!-- Default suite -->
</testng-results>
